<?xml version="1.0" encoding="utf-8"?><testsuites name="pytest tests"><testsuite name="pytest" errors="0" failures="0" skipped="1" tests="10" time="2.834" timestamp="2026-05-31T10:52:15.102797+00:00" hostname="agent-env-bc480184-dbc0-4c27-80c8-b6a0d4537989"><testcase classname="backend.tests.test_complaints_and_branding.TestSchoolSettings" name="test_get_school_settings" time="0.379" /><testcase classname="backend.tests.test_complaints_and_branding.TestComplaints" name="test_create_complaint" time="0.098" /><testcase classname="backend.tests.test_complaints_and_branding.TestComplaints" name="test_list_complaints_has_isOverdue" time="0.135" /><testcase classname="backend.tests.test_complaints_and_branding.TestComplaints" name="test_overdue_count_endpoint" time="0.160" /><testcase classname="backend.tests.test_complaints_and_branding.TestComplaints" name="test_filter_by_status" time="0.106" /><testcase classname="backend.tests.test_complaints_and_branding.TestComplaints" name="test_filter_by_username" time="0.149" /><testcase classname="backend.tests.test_complaints_and_branding.TestComplaints" name="test_filter_overdueOnly_creates_then_filters" time="0.264" /><testcase classname="backend.tests.test_complaints_and_branding.TestComplaints" name="test_update_status_in_progress_then_resolved" time="0.428" /><testcase classname="backend.tests.test_complaints_and_branding.TestComplaints" name="test_delete_complaint" time="0.428" /><testcase classname="backend.tests.test_complaints_and_branding.TestInvoicePDF" name="test_invoice_pdf_with_logo" time="0.487"><skipped type="pytest.skip" message="No payments available for invoice test">/app/backend/tests/test_complaints_and_branding.py:176: No payments available for invoice test</skipped></testcase></testsuite></testsuites>