<?xml version="1.0" encoding="utf-8"?><testsuites name="pytest tests"><testsuite name="pytest" errors="0" failures="0" skipped="0" tests="5" time="9.395" timestamp="2026-07-16T09:36:48.240524+00:00" hostname="agent-env-bc480184-dbc0-4c27-80c8-b6a0d4537989"><testcase classname="backend.tests.test_event_scoping" name="test_events_class1_sectionA_returns_both" time="2.257" /><testcase classname="backend.tests.test_event_scoping" name="test_events_class2_sectionB_returns_only_wide" time="0.328" /><testcase classname="backend.tests.test_event_scoping" name="test_events_no_filter_returns_both" time="0.339" /><testcase classname="backend.tests.test_event_scoping" name="test_send_event_notification_no_matching_students_does_not_throw" time="0.806" /><testcase classname="backend.tests.test_event_scoping" name="test_parent_dashboard_event_filter" time="5.605" /></testsuite></testsuites>