<?xml version="1.0" encoding="utf-8"?><testsuites name="pytest tests"><testsuite name="pytest" errors="0" failures="0" skipped="0" tests="59" time="7.276" timestamp="2026-05-22T03:41:26.149620+00:00" hostname="agent-env-bc480184-dbc0-4c27-80c8-b6a0d4537989"><testcase classname="backend.tests.backend_test.TestHealth" name="test_login_admin" time="0.197" /><testcase classname="backend.tests.backend_test.TestHealth" name="test_login_invalid" time="0.067" /><testcase classname="backend.tests.backend_test.TestLeaveRequests" name="test_create_leave_request" time="0.129" /><testcase classname="backend.tests.backend_test.TestLeaveRequests" name="test_get_pending_leaves" time="0.061" /><testcase classname="backend.tests.backend_test.TestLeaveRequests" name="test_filter_by_student" time="0.070" /><testcase classname="backend.tests.backend_test.TestLeaveRequests" name="test_approve_leave" time="0.181" /><testcase classname="backend.tests.backend_test.TestLeaveRequests" name="test_reject_leave" time="0.186" /><testcase classname="backend.tests.backend_test.TestLeaveRequests" name="test_approve_nonexistent" time="0.063" /><testcase classname="backend.tests.backend_test.TestBulkConcessions" name="test_bulk_concession_empty" time="0.077" /><testcase classname="backend.tests.backend_test.TestBulkConcessions" name="test_bulk_concession_create" time="0.128" /><testcase classname="backend.tests.backend_test.TestPromoteBulk" name="test_bulk_preview_then_commit" time="0.694" /><testcase classname="backend.tests.backend_test.TestPromoteBulk" name="test_promote_no_students" time="0.061" /><testcase classname="backend.tests.backend_test.TestPromoteBulk" name="test_promote_preview_no_students" time="0.068" /><testcase classname="backend.tests.backend_test.TestPromoteSingle" name="test_single_preview_and_commit_and_history_append" time="0.851" /><testcase classname="backend.tests.backend_test.TestPromoteSingle" name="test_single_promote_404" time="0.124" /><testcase classname="backend.tests.backend_test.TestSendReminders" name="test_send_reminders_endpoint" time="0.386" /><testcase classname="backend.tests.backend_test.TestRegression" name="test_students_list" time="0.063" /><testcase classname="backend.tests.backend_test.TestRegression" name="test_fee_types_list" time="0.062" /><testcase classname="backend.tests.backend_test.TestRegression" name="test_attendance_get" time="0.060" /><testcase classname="backend.tests.backend_test.TestRegression" name="test_homework_list" time="0.064" /><testcase classname="backend.tests.backend_test.TestRegression" name="test_expenses_list" time="0.062" /><testcase classname="backend.tests.backend_test.TestRegression" name="test_concessions_list" time="0.062" /><testcase classname="backend.tests.backend_test.TestRegression" name="test_staff_list" time="0.071" /><testcase classname="backend.tests.test_marks.TestSampleCSV" name="test_sample_csv_download_with_correct_header_and_rows" time="0.272" /><testcase classname="backend.tests.test_marks.TestSampleCSV" name="test_sample_csv_404_for_unknown_class" time="0.050" /><testcase classname="backend.tests.test_marks.TestMarksBulk" name="test_bulk_create_and_persistence" time="0.105" /><testcase classname="backend.tests.test_marks.TestMarksBulk" name="test_bulk_create_second_subject" time="0.050" /><testcase classname="backend.tests.test_marks.TestMarksBulk" name="test_bulk_upsert_replaces_existing" time="0.096" /><testcase classname="backend.tests.test_marks.TestMarksBulk" name="test_bulk_empty_rows_400" time="0.061" /><testcase classname="backend.tests.test_marks.TestMarksListing" name="test_list_filter_by_class_section" time="0.050" /><testcase classname="backend.tests.test_marks.TestMarksListing" name="test_list_filter_by_student_id" time="0.052" /><testcase classname="backend.tests.test_marks.TestMarksListing" name="test_distinct_includes_uploaded_values" time="0.052" /><testcase classname="backend.tests.test_marks.TestMarksStats" name="test_stats_overall_structure" time="0.050" /><testcase classname="backend.tests.test_marks.TestMarksStats" name="test_stats_compare_two_exams" time="0.052" /><testcase classname="backend.tests.test_marks.TestMarksStats" name="test_stats_no_compare_returns_none" time="0.052" /><testcase classname="backend.tests.test_marks.TestParentDashboardMarks" name="test_parent_dashboard_includes_marks" time="0.054" /><testcase classname="backend.tests.test_marks.TestParentDashboardMarks" name="test_parent_dashboard_using_existing_ali" time="0.335" /><testcase classname="backend.tests.test_refactor_smoke.TestAuth" name="test_admin_login_returns_user" time="0.248" /><testcase classname="backend.tests.test_refactor_smoke.TestAuth" name="test_parent_login" time="0.067" /><testcase classname="backend.tests.test_refactor_smoke.TestAuth" name="test_classes_list" time="0.064" /><testcase classname="backend.tests.test_refactor_smoke.TestStudents" name="test_students_paginated" time="0.067" /><testcase classname="backend.tests.test_refactor_smoke.TestStudents" name="test_students_detail_keys" time="0.223" /><testcase classname="backend.tests.test_refactor_smoke.TestAttendance" name="test_get_attendance" time="0.066" /><testcase classname="backend.tests.test_refactor_smoke.TestAttendance" name="test_attendance_export" time="0.066" /><testcase classname="backend.tests.test_refactor_smoke.TestFees" name="test_fees_day_sheet" time="0.066" /><testcase classname="backend.tests.test_refactor_smoke.TestFees" name="test_fees_student_keys" time="0.066" /><testcase classname="backend.tests.test_refactor_smoke.TestMisc" name="test_inventory_list" time="0.067" /><testcase classname="backend.tests.test_refactor_smoke.TestMisc" name="test_staff_list" time="0.065" /><testcase classname="backend.tests.test_refactor_smoke.TestMisc" name="test_expenses_list" time="0.067" /><testcase classname="backend.tests.test_refactor_smoke.TestMisc" name="test_events_list" time="0.070" /><testcase classname="backend.tests.test_refactor_smoke.TestMisc" name="test_homework_list" time="0.065" /><testcase classname="backend.tests.test_refactor_smoke.TestMisc" name="test_subjects_list" time="0.063" /><testcase classname="backend.tests.test_refactor_smoke.TestSettingsAndDashboards" name="test_settings_whatsapp" time="0.068" /><testcase classname="backend.tests.test_refactor_smoke.TestSettingsAndDashboards" name="test_settings_school" time="0.104" /><testcase classname="backend.tests.test_refactor_smoke.TestSettingsAndDashboards" name="test_settings_database" time="0.063" /><testcase classname="backend.tests.test_refactor_smoke.TestSettingsAndDashboards" name="test_stats_dashboard_keys" time="0.068" /><testcase classname="backend.tests.test_refactor_smoke.TestSettingsAndDashboards" name="test_parent_dashboard_keys" time="0.212" /><testcase classname="backend.tests.test_refactor_smoke.TestSettingsAndDashboards" name="test_marks_sample_csv" time="0.065" /><testcase classname="backend.tests.test_refactor_smoke.TestConcessionsList" name="test_concessions_list" time="0.127" /></testsuite></testsuites>